TN:
SF:src/add/add.js
FN:1,add
FNF:1
FNH:1
FNDA:1,add
DA:1,1
DA:2,1
DA:3,1
DA:4,1
LF:4
LH:4
BRDA:1,0,0,1
BRF:1
BRH:1
end_of_record
TN:
SF:src/calculator/Calculator.js
FN:2,Calculator
FN:6,get
FN:10,set
FN:14,clear
FN:18,add
FN:26,subtract
FN:35,multiply
FN:39,divide
FNF:8
FNH:8
FNDA:15,Calculator
FNDA:17,get
FNDA:14,set
FNDA:3,clear
FNDA:4,add
FNDA:4,subtract
FNDA:3,multiply
FNDA:4,divide
DA:1,1
DA:2,1
DA:3,15
DA:4,15
DA:5,1
DA:6,1
DA:7,17
DA:8,17
DA:9,1
DA:10,1
DA:11,14
DA:12,14
DA:13,1
DA:14,1
DA:15,3
DA:16,3
DA:17,1
DA:18,1
DA:19,4
DA:20,4
DA:21,2
DA:22,2
DA:23,2
DA:24,2
DA:25,1
DA:26,1
DA:27,4
DA:28,4
DA:29,4
DA:30,1
DA:31,1
DA:32,3
DA:33,3
DA:34,1
DA:35,1
DA:36,3
DA:37,3
DA:38,1
DA:39,1
DA:40,4
DA:41,1
DA:42,1
DA:43,3
DA:44,3
DA:45,1
DA:46,1
DA:47,1
LF:47
LH:47
BRDA:2,0,0,15
BRDA:6,1,0,17
BRDA:10,2,0,14
BRDA:14,3,0,3
BRDA:18,4,0,4
BRDA:20,5,0,2
BRDA:26,6,0,4
BRDA:29,7,0,1
BRDA:31,8,0,3
BRDA:35,9,0,3
BRDA:39,10,0,4
BRDA:40,11,0,1
BRDA:42,12,0,3
BRF:13
BRH:13
end_of_record
TN:
SF:src/mock/mock.js
FN:1,mock
FNF:1
FNH:1
FNDA:5,mock
DA:1,5
DA:2,5
DA:3,10
DA:4,10
DA:5,5
DA:6,1
LF:6
LH:6
BRDA:1,0,0,5
BRDA:2,1,0,10
BRF:2
BRH:2
end_of_record
TN:
SF:src/product/productClient.js
FN:2,fetchItems
FNF:1
FNH:0
FNDA:0,fetchItems
DA:1,1
DA:2,1
DA:3,0
DA:4,0
DA:5,1
DA:6,1
DA:7,1
LF:7
LH:5
BRF:0
BRH:0
end_of_record
TN:
SF:src/product/productService.js
FN:4,ProductService
FN:8,fetchAvailableItems
FNF:2
FNH:2
FNDA:1,ProductService
FNDA:1,fetchAvailableItems
DA:1,1
DA:2,1
DA:3,1
DA:4,1
DA:5,1
DA:6,1
DA:7,1
DA:8,1
DA:9,1
DA:10,1
DA:11,1
DA:12,1
DA:13,1
LF:13
LH:13
BRDA:4,0,0,1
BRDA:8,1,0,1
BRDA:9,2,0,1
BRDA:9,3,0,2
BRF:4
BRH:4
end_of_record
TN:
SF:src/stack/stack.js
FN:2,Stack
FN:6,size
FN:10,push
FN:14,pop
FN:21,peek
FNF:5
FNH:5
FNDA:6,Stack
FNDA:3,size
FNDA:5,push
FNDA:2,pop
FNDA:2,peek
DA:1,1
DA:2,1
DA:3,6
DA:4,6
DA:5,1
DA:6,1
DA:7,3
DA:8,3
DA:9,1
DA:10,1
DA:11,5
DA:12,5
DA:13,1
DA:14,1
DA:15,2
DA:16,1
DA:17,1
DA:18,1
DA:19,1
DA:20,1
DA:21,1
DA:22,2
DA:23,1
DA:24,1
DA:25,1
DA:26,1
DA:27,1
DA:28,1
DA:29,1
LF:29
LH:29
BRDA:2,0,0,6
BRDA:6,1,0,3
BRDA:10,2,0,5
BRDA:14,3,0,2
BRDA:15,4,0,1
BRDA:21,5,0,2
BRDA:22,6,0,1
BRF:7
BRH:7
end_of_record
TN:
SF:src/user/user_client.js
FN:2,login
FNF:1
FNH:0
FNDA:0,login
DA:1,1
DA:2,1
DA:3,0
DA:4,0
DA:5,0
DA:6,1
DA:7,1
DA:8,1
LF:8
LH:5
BRF:0
BRH:0
end_of_record
TN:
SF:src/user/user_service.js
FN:2,UserService
FN:7,login
FNF:2
FNH:2
FNDA:2,UserService
FNDA:2,login
DA:1,1
DA:2,1
DA:3,2
DA:4,2
DA:5,2
DA:6,1
DA:7,1
DA:8,2
DA:9,2
DA:10,2
DA:11,2
DA:12,2
DA:13,2
DA:14,2
DA:15,2
DA:16,1
DA:17,1
DA:18,1
LF:18
LH:18
BRDA:2,0,0,2
BRDA:7,1,0,2
BRDA:13,2,0,2
BRF:3
BRH:3
end_of_record
